2020-01-05 16:48:29,121 ERROR    root            (gcloud) Command name argument expected.
2020-01-05 16:48:29,122 DEBUG    root            No implementation for release track [GA] for element: [/opt/google-cloud-sdk/lib/surface/web_security_scanner]
2020-01-05 16:48:29,138 DEBUG    root            Loaded Command Group: [u'gcloud', u'info']
2020-01-05 16:48:29,140 DEBUG    root            No implementation for release track [GA] for element: [/opt/google-cloud-sdk/lib/surface/labelmanager]
2020-01-05 16:48:29,143 DEBUG    root            Loaded Command Group: [u'gcloud', u'feedback']
2020-01-05 16:48:29,144 DEBUG    root            Loaded Command Group: [u'gcloud', u'redis']
2020-01-05 16:48:29,146 DEBUG    root            Loaded Command Group: [u'gcloud', u'app']
2020-01-05 16:48:29,147 DEBUG    root            No implementation for release track [GA] for element: [/opt/google-cloud-sdk/lib/surface/scc]
2020-01-05 16:48:29,148 DEBUG    root            Loaded Command Group: [u'gcloud', u'tasks']
2020-01-05 16:48:29,149 DEBUG    root            No implementation for release track [GA] for element: [/opt/google-cloud-sdk/lib/surface/data_catalog]
2020-01-05 16:48:29,150 DEBUG    root            Loaded Command Group: [u'gcloud', u'composer']
2020-01-05 16:48:29,169 DEBUG    root            Loaded Command Group: [u'gcloud', u'ai_platform']
2020-01-05 16:48:29,170 DEBUG    root            Loaded Command Group: [u'gcloud', u'iam']
2020-01-05 16:48:29,171 DEBUG    root            No implementation for release track [GA] for element: [/opt/google-cloud-sdk/lib/surface/genomics]
2020-01-05 16:48:29,172 DEBUG    root            No implementation for release track [GA] for element: [/opt/google-cloud-sdk/lib/surface/billing]
2020-01-05 16:48:29,178 DEBUG    root            Loaded Command Group: [u'gcloud', u'help']
2020-01-05 16:48:29,179 DEBUG    root            Loaded Command Group: [u'gcloud', u'source']
2020-01-05 16:48:29,186 DEBUG    root            Loaded Command Group: [u'gcloud', u'init']
2020-01-05 16:48:29,187 DEBUG    root            Loaded Command Group: [u'gcloud', u'version']
2020-01-05 16:48:29,188 DEBUG    root            Loaded Command Group: [u'gcloud', u'asset']
2020-01-05 16:48:29,190 DEBUG    root            Loaded Command Group: [u'gcloud', u'dns']
2020-01-05 16:48:29,191 DEBUG    root            No implementation for release track [GA] for element: [/opt/google-cloud-sdk/lib/surface/lifesciences]
2020-01-05 16:48:29,191 DEBUG    root            No implementation for release track [GA] for element: [/opt/google-cloud-sdk/lib/surface/local]
2020-01-05 16:48:29,191 DEBUG    root            No implementation for release track [GA] for element: [/opt/google-cloud-sdk/lib/surface/iap]
2020-01-05 16:48:29,192 DEBUG    root            No implementation for release track [GA] for element: [/opt/google-cloud-sdk/lib/surface/resources]
2020-01-05 16:48:29,192 DEBUG    root            Loaded Command Group: [u'gcloud', u'pubsub']
2020-01-05 16:48:29,193 DEBUG    root            No implementation for release track [GA] for element: [/opt/google-cloud-sdk/lib/surface/policy_troubleshoot]
2020-01-05 16:48:29,193 DEBUG    root            Loaded Command Group: [u'gcloud', u'organizations']
2020-01-05 16:48:29,194 DEBUG    root            No implementation for release track [GA] for element: [/opt/google-cloud-sdk/lib/surface/emulators]
2020-01-05 16:48:29,194 DEBUG    root            Loaded Command Group: [u'gcloud', u'auth']
2020-01-05 16:48:29,195 DEBUG    root            No implementation for release track [GA] for element: [/opt/google-cloud-sdk/lib/surface/search_help]
2020-01-05 16:48:29,195 DEBUG    root            No implementation for release track [GA] for element: [/opt/google-cloud-sdk/lib/surface/game]
2020-01-05 16:48:29,196 DEBUG    root            Loaded Command Group: [u'gcloud', u'scheduler']
2020-01-05 16:48:29,196 DEBUG    root            Loaded Command Group: [u'gcloud', u'spanner']
2020-01-05 16:48:29,197 DEBUG    root            No implementation for release track [GA] for element: [/opt/google-cloud-sdk/lib/surface/recommender]
2020-01-05 16:48:29,198 DEBUG    root            Loaded Command Group: [u'gcloud', u'projects']
2020-01-05 16:48:29,199 DEBUG    root            Loaded Command Group: [u'gcloud', u'resource_manager']
2020-01-05 16:48:29,200 DEBUG    root            Loaded Command Group: [u'gcloud', u'access_context_manager']
2020-01-05 16:48:29,409 DEBUG    root            Loaded Command Group: [u'gcloud', u'compute']
2020-01-05 16:48:29,412 DEBUG    root            Loaded Command Group: [u'gcloud', u'builds']
2020-01-05 16:48:29,413 DEBUG    root            Loaded Command Group: [u'gcloud', u'dataflow']
2020-01-05 16:48:29,413 DEBUG    root            Loaded Command Group: [u'gcloud', u'ml']
2020-01-05 16:48:29,414 DEBUG    root            No implementation for release track [GA] for element: [/opt/google-cloud-sdk/lib/surface/org_policies]
2020-01-05 16:48:29,414 DEBUG    root            Loaded Command Group: [u'gcloud', u'active_directory']
2020-01-05 16:48:29,415 DEBUG    root            No implementation for release track [GA] for element: [/opt/google-cloud-sdk/lib/surface/error_reporting]
2020-01-05 16:48:29,416 DEBUG    root            Loaded Command Group: [u'gcloud', u'debug']
2020-01-05 16:48:29,417 DEBUG    root            Loaded Command Group: [u'gcloud', u'endpoints']
2020-01-05 16:48:29,418 DEBUG    root            Loaded Command Group: [u'gcloud', u'deployment_manager']
2020-01-05 16:48:29,418 DEBUG    root            Loaded Command Group: [u'gcloud', u'topic']
2020-01-05 16:48:29,420 DEBUG    root            Loaded Command Group: [u'gcloud', u'meta']
2020-01-05 16:48:29,420 DEBUG    root            No implementation for release track [GA] for element: [/opt/google-cloud-sdk/lib/surface/data_fusion]
2020-01-05 16:48:29,421 DEBUG    root            Loaded Command Group: [u'gcloud', u'datastore']
2020-01-05 16:48:29,422 DEBUG    root            Loaded Command Group: [u'gcloud', u'functions']
2020-01-05 16:48:29,437 DEBUG    root            Loaded Command Group: [u'gcloud', u'container']
2020-01-05 16:48:29,438 DEBUG    root            No implementation for release track [GA] for element: [/opt/google-cloud-sdk/lib/surface/build_artifacts]
2020-01-05 16:48:29,438 DEBUG    root            No implementation for release track [GA] for element: [/opt/google-cloud-sdk/lib/surface/storage]
2020-01-05 16:48:29,438 DEBUG    root            No implementation for release track [GA] for element: [/opt/google-cloud-sdk/lib/surface/dialogflow]
2020-01-05 16:48:29,439 DEBUG    root            No implementation for release track [GA] for element: [/opt/google-cloud-sdk/lib/surface/dlp]
2020-01-05 16:48:29,439 DEBUG    root            Loaded Command Group: [u'gcloud', u'kms']
2020-01-05 16:48:29,440 DEBUG    root            Loaded Command Group: [u'gcloud', u'config']
2020-01-05 16:48:29,441 DEBUG    root            No implementation for release track [GA] for element: [/opt/google-cloud-sdk/lib/surface/events]
2020-01-05 16:48:29,441 DEBUG    root            No implementation for release track [GA] for element: [/opt/google-cloud-sdk/lib/surface/cloud_shell]
2020-01-05 16:48:29,459 DEBUG    root            Loaded Command Group: [u'gcloud', u'run']
2020-01-05 16:48:29,461 DEBUG    root            Loaded Command Group: [u'gcloud', u'dataproc']
2020-01-05 16:48:29,462 DEBUG    root            Loaded Command Group: [u'gcloud', u'ml_engine']
2020-01-05 16:48:29,463 DEBUG    root            Loaded Command Group: [u'gcloud', u'iot']
2020-01-05 16:48:29,464 DEBUG    root            Loaded Command Group: [u'gcloud', u'firebase']
2020-01-05 16:48:29,465 DEBUG    root            Loaded Command Group: [u'gcloud', u'filestore']
2020-01-05 16:48:29,465 DEBUG    root            No implementation for release track [GA] for element: [/opt/google-cloud-sdk/lib/surface/bq]
2020-01-05 16:48:29,466 DEBUG    root            Loaded Command Group: [u'gcloud', u'sql']
2020-01-05 16:48:29,479 DEBUG    root            Loaded Command Group: [u'gcloud', u'services']
2020-01-05 16:48:29,480 DEBUG    root            No implementation for release track [GA] for element: [/opt/google-cloud-sdk/lib/surface/monitoring]
2020-01-05 16:48:29,480 DEBUG    root            No implementation for release track [GA] for element: [/opt/google-cloud-sdk/lib/surface/identity]
2020-01-05 16:48:29,480 DEBUG    root            Loaded Command Group: [u'gcloud', u'bigtable']
2020-01-05 16:48:29,481 DEBUG    root            Loaded Command Group: [u'gcloud', u'logging']
2020-01-05 16:48:29,482 DEBUG    root            Loaded Command Group: [u'gcloud', u'service_management']
2020-01-05 16:48:29,483 DEBUG    root            No implementation for release track [GA] for element: [/opt/google-cloud-sdk/lib/surface/secrets]
2020-01-05 16:48:29,483 DEBUG    root            No implementation for release track [GA] for element: [/opt/google-cloud-sdk/lib/surface/remote_build_execution]
2020-01-05 16:48:29,483 DEBUG    root            No implementation for release track [GA] for element: [/opt/google-cloud-sdk/lib/surface/runtime_config]
2020-01-05 16:48:29,486 DEBUG    root            No implementation for release track [GA] for element: [/opt/google-cloud-sdk/lib/surface/survey]
2020-01-05 16:48:29,487 DEBUG    root            Loaded Command Group: [u'gcloud', u'components']
2020-01-05 16:48:29,488 DEBUG    root            No implementation for release track [GA] for element: [/opt/google-cloud-sdk/lib/surface/healthcare]
2020-01-05 16:48:29,488 DEBUG    root            Loaded Command Group: [u'gcloud', u'domains']
2020-01-05 16:48:29,504 DEBUG    root            Loaded Command Group: [u'gcloud', u'docker']
2020-01-05 16:48:29,640 DEBUG    root            No implementation for release track [GA] for element: [/opt/google-cloud-sdk/lib/surface/interactive]
2020-01-05 16:48:29,641 DEBUG    root            Loaded Command Group: [u'gcloud', u'firestore']
