2020-01-05 16:56:07,140 DEBUG    root            Loaded Command Group: [u'gcloud', u'init']
2020-01-05 16:56:07,141 DEBUG    root            Running [gcloud.init] with arguments: []
2020-01-05 16:56:07,141 INFO     ___FILE_ONLY___ Welcome! This command will take you through the configuration of gcloud.


2020-01-05 16:56:07,142 INFO     ___FILE_ONLY___ Settings from your current configuration [default] are:

2020-01-05 16:56:07,144 INFO     ___FILE_ONLY___ core:
  account: vishalbalaji@gmail.com
  disable_usage_reporting: 'True'
  project: adrs-api

2020-01-05 16:56:07,144 INFO     ___FILE_ONLY___ 

2020-01-05 16:56:13,209 INFO     ___FILE_ONLY___ Your current configuration has been set to: [default]


2020-01-05 16:56:13,210 INFO     ___FILE_ONLY___ You can skip diagnostics next time by using the following flag:

2020-01-05 16:56:13,210 INFO     ___FILE_ONLY___   gcloud init --skip-diagnostics


2020-01-05 16:56:13,210 INFO     ___FILE_ONLY___ Network diagnostic detects and fixes local network connection issues.

2020-01-05 16:56:13,213 INFO     ___FILE_ONLY___ Checking network connection...
2020-01-05 16:56:15,620 INFO     ___FILE_ONLY___ Reachability Check passed.

2020-01-05 16:56:15,620 INFO     ___FILE_ONLY___ Network diagnostic passed (1/1 checks passed).


2020-01-05 16:56:19,052 INFO     ___FILE_ONLY___ You are logged in as: [vishalbalaji@gmail.com].


2020-01-05 16:56:32,547 WARNING  root            Project creation failed: HttpError accessing <https://cloudresourcemanager.googleapis.com/v1/projects?alt=json>: response: <{'status': '409', 'content-length': '119', 'x-xss-protection': '0', 'x-content-type-options': 'nosniff', 'transfer-encoding': 'chunked', 'vary': 'Origin, X-Origin, Referer', 'server': 'ESF', 'server-timing': 'gfet4t7; dur=1456', '-content-encoding': 'gzip', 'cache-control': 'private', 'date': 'Sun, 05 Jan 2020 11:26:32 GMT', 'x-frame-options': 'SAMEORIGIN', 'alt-svc': 'quic=":443"; ma=2592000; v="46,43",h3-Q050=":443"; ma=2592000,h3-Q049=":443"; ma=2592000,h3-Q048=":443"; ma=2592000,h3-Q046=":443"; ma=2592000,h3-Q043=":443"; ma=2592000', 'content-type': 'application/json; charset=UTF-8'}>, content <{
  "error": {
    "code": 409,
    "message": "Requested entity already exists",
    "status": "ALREADY_EXISTS"
  }
}
>
Please make sure to create the project [adrs-api] using
    $ gcloud projects create adrs-api
or change to another project using
    $ gcloud config set project <PROJECT ID>
2020-01-05 16:56:32,550 INFO     root            Display format: "default"
2020-01-05 16:56:32,552 DEBUG    root            SDK update checks are disabled.
